
时间：2019-08-20 20:45:19
进程：OCRSerialPort.vshost.exe
模块：BiuTCPClientPort   方法：ReadCallback   行数：182
标题：
附加信息：
System.ObjectDisposedException: 无法访问已释放的对象。
对象名:“System.Net.Sockets.TcpClient”。
   在 System.Net.Sockets.TcpClient.GetStream()
   在 OCRSerialPort.BiuTCPClientPort.ReadCallback(IAsyncResult result) 位置 C:\Users\Administrator\Documents\Visual Studio 2015\Projects\SerialPort\SerialPort\串口通讯数据类\BiuTCPClientPort.cs:行号 161


时间：2019-08-20 20:45:39
进程：OCRSerialPort.vshost.exe
模块：BiuTCPClientPort   方法：ReadCallback   行数：182
标题：
附加信息：
System.InvalidOperationException: 不允许对非连接的套接字执行此操作。
   在 System.Net.Sockets.TcpClient.GetStream()
   在 OCRSerialPort.BiuTCPClientPort.ReadCallback(IAsyncResult result) 位置 C:\Users\Administrator\Documents\Visual Studio 2015\Projects\SerialPort\SerialPort\串口通讯数据类\BiuTCPClientPort.cs:行号 161


时间：2019-08-20 20:45:59
进程：OCRSerialPort.vshost.exe
模块：BiuTCPClientPort   方法：ReadCallback   行数：182
标题：
附加信息：
System.ObjectDisposedException: 无法访问已释放的对象。
对象名:“System.Net.Sockets.TcpClient”。
   在 System.Net.Sockets.TcpClient.GetStream()
   在 OCRSerialPort.BiuTCPClientPort.ReadCallback(IAsyncResult result) 位置 C:\Users\Administrator\Documents\Visual Studio 2015\Projects\SerialPort\SerialPort\串口通讯数据类\BiuTCPClientPort.cs:行号 161


时间：2019-08-20 20:46:39
进程：OCRSerialPort.vshost.exe
模块：BiuTCPClientPort   方法：ConnectCallback   行数：146
标题：
附加信息：
System.Net.Sockets.SocketException (0x80004005): 由于目标计算机积极拒绝，无法连接。 192.168.1.105:8080
   在 System.Net.Sockets.Socket.InternalEndConnect(IAsyncResult asyncResult)
   在 System.Net.Sockets.Socket.EndConnect(IAsyncResult asyncResult)
   在 System.Net.Sockets.TcpClient.EndConnect(IAsyncResult asyncResult)
   在 OCRSerialPort.BiuTCPClientPort.ConnectCallback(IAsyncResult result) 位置 C:\Users\Administrator\Documents\Visual Studio 2015\Projects\SerialPort\SerialPort\串口通讯数据类\BiuTCPClientPort.cs:行号 136


时间：2019-08-20 20:46:50
进程：OCRSerialPort.vshost.exe
模块：BiuTCPClientPort   方法：ConnectCallback   行数：146
标题：
附加信息：
System.Net.Sockets.SocketException (0x80004005): 由于目标计算机积极拒绝，无法连接。 192.168.1.105:8080
   在 System.Net.Sockets.Socket.InternalEndConnect(IAsyncResult asyncResult)
   在 System.Net.Sockets.Socket.EndConnect(IAsyncResult asyncResult)
   在 System.Net.Sockets.TcpClient.EndConnect(IAsyncResult asyncResult)
   在 OCRSerialPort.BiuTCPClientPort.ConnectCallback(IAsyncResult result) 位置 C:\Users\Administrator\Documents\Visual Studio 2015\Projects\SerialPort\SerialPort\串口通讯数据类\BiuTCPClientPort.cs:行号 136


时间：2019-08-20 20:47:01
进程：OCRSerialPort.vshost.exe
模块：BiuTCPClientPort   方法：ConnectCallback   行数：146
标题：
附加信息：
System.Net.Sockets.SocketException (0x80004005): 由于目标计算机积极拒绝，无法连接。 192.168.1.105:8080
   在 System.Net.Sockets.Socket.InternalEndConnect(IAsyncResult asyncResult)
   在 System.Net.Sockets.Socket.EndConnect(IAsyncResult asyncResult)
   在 System.Net.Sockets.TcpClient.EndConnect(IAsyncResult asyncResult)
   在 OCRSerialPort.BiuTCPClientPort.ConnectCallback(IAsyncResult result) 位置 C:\Users\Administrator\Documents\Visual Studio 2015\Projects\SerialPort\SerialPort\串口通讯数据类\BiuTCPClientPort.cs:行号 136


时间：2019-08-20 20:47:12
进程：OCRSerialPort.vshost.exe
模块：BiuTCPClientPort   方法：ConnectCallback   行数：146
标题：
附加信息：
System.Net.Sockets.SocketException (0x80004005): 由于目标计算机积极拒绝，无法连接。 192.168.1.105:8080
   在 System.Net.Sockets.Socket.InternalEndConnect(IAsyncResult asyncResult)
   在 System.Net.Sockets.Socket.EndConnect(IAsyncResult asyncResult)
   在 System.Net.Sockets.TcpClient.EndConnect(IAsyncResult asyncResult)
   在 OCRSerialPort.BiuTCPClientPort.ConnectCallback(IAsyncResult result) 位置 C:\Users\Administrator\Documents\Visual Studio 2015\Projects\SerialPort\SerialPort\串口通讯数据类\BiuTCPClientPort.cs:行号 136


时间：2019-08-20 20:49:22
进程：OCRSerialPort.vshost.exe
模块：BiuTCPClientPort   方法：ConnectCallback   行数：146
标题：
附加信息：
System.Net.Sockets.SocketException (0x80004005): 由于目标计算机积极拒绝，无法连接。 192.168.1.105:8080
   在 System.Net.Sockets.Socket.InternalEndConnect(IAsyncResult asyncResult)
   在 System.Net.Sockets.Socket.EndConnect(IAsyncResult asyncResult)
   在 System.Net.Sockets.TcpClient.EndConnect(IAsyncResult asyncResult)
   在 OCRSerialPort.BiuTCPClientPort.ConnectCallback(IAsyncResult result) 位置 C:\Users\Administrator\Documents\Visual Studio 2015\Projects\SerialPort\SerialPort\串口通讯数据类\BiuTCPClientPort.cs:行号 136


时间：2019-08-20 20:49:42
进程：OCRSerialPort.vshost.exe
模块：BiuTCPClientPort   方法：ReadCallback   行数：183
标题：
附加信息：
System.ObjectDisposedException: 无法访问已释放的对象。
对象名:“System.Net.Sockets.TcpClient”。
   在 System.Net.Sockets.TcpClient.GetStream()
   在 OCRSerialPort.BiuTCPClientPort.ReadCallback(IAsyncResult result) 位置 C:\Users\Administrator\Documents\Visual Studio 2015\Projects\SerialPort\SerialPort\串口通讯数据类\BiuTCPClientPort.cs:行号 161


时间：2019-08-20 20:50:02
进程：OCRSerialPort.vshost.exe
模块：BiuTCPClientPort   方法：ReadCallback   行数：183
标题：
附加信息：
System.ObjectDisposedException: 无法访问已释放的对象。
对象名:“System.Net.Sockets.TcpClient”。
   在 System.Net.Sockets.TcpClient.GetStream()
   在 OCRSerialPort.BiuTCPClientPort.ReadCallback(IAsyncResult result) 位置 C:\Users\Administrator\Documents\Visual Studio 2015\Projects\SerialPort\SerialPort\串口通讯数据类\BiuTCPClientPort.cs:行号 161


时间：2019-08-20 20:50:13
进程：OCRSerialPort.vshost.exe
模块：BiuTCPClientPort   方法：ConnectCallback   行数：146
标题：
附加信息：
System.Net.Sockets.SocketException (0x80004005): 由于目标计算机积极拒绝，无法连接。 192.168.1.105:8080
   在 System.Net.Sockets.Socket.InternalEndConnect(IAsyncResult asyncResult)
   在 System.Net.Sockets.Socket.EndConnect(IAsyncResult asyncResult)
   在 System.Net.Sockets.TcpClient.EndConnect(IAsyncResult asyncResult)
   在 OCRSerialPort.BiuTCPClientPort.ConnectCallback(IAsyncResult result) 位置 C:\Users\Administrator\Documents\Visual Studio 2015\Projects\SerialPort\SerialPort\串口通讯数据类\BiuTCPClientPort.cs:行号 136


时间：2019-08-20 20:50:24
进程：OCRSerialPort.vshost.exe
模块：BiuTCPClientPort   方法：ConnectCallback   行数：146
标题：
附加信息：
System.Net.Sockets.SocketException (0x80004005): 由于目标计算机积极拒绝，无法连接。 192.168.1.105:8080
   在 System.Net.Sockets.Socket.InternalEndConnect(IAsyncResult asyncResult)
   在 System.Net.Sockets.Socket.EndConnect(IAsyncResult asyncResult)
   在 System.Net.Sockets.TcpClient.EndConnect(IAsyncResult asyncResult)
   在 OCRSerialPort.BiuTCPClientPort.ConnectCallback(IAsyncResult result) 位置 C:\Users\Administrator\Documents\Visual Studio 2015\Projects\SerialPort\SerialPort\串口通讯数据类\BiuTCPClientPort.cs:行号 136


时间：2019-08-20 20:50:35
进程：OCRSerialPort.vshost.exe
模块：BiuTCPClientPort   方法：ConnectCallback   行数：146
标题：
附加信息：
System.Net.Sockets.SocketException (0x80004005): 由于目标计算机积极拒绝，无法连接。 192.168.1.105:8080
   在 System.Net.Sockets.Socket.InternalEndConnect(IAsyncResult asyncResult)
   在 System.Net.Sockets.Socket.EndConnect(IAsyncResult asyncResult)
   在 System.Net.Sockets.TcpClient.EndConnect(IAsyncResult asyncResult)
   在 OCRSerialPort.BiuTCPClientPort.ConnectCallback(IAsyncResult result) 位置 C:\Users\Administrator\Documents\Visual Studio 2015\Projects\SerialPort\SerialPort\串口通讯数据类\BiuTCPClientPort.cs:行号 136


时间：2019-08-20 20:50:46
进程：OCRSerialPort.vshost.exe
模块：BiuTCPClientPort   方法：ConnectCallback   行数：146
标题：
附加信息：
System.Net.Sockets.SocketException (0x80004005): 由于目标计算机积极拒绝，无法连接。 192.168.1.105:8080
   在 System.Net.Sockets.Socket.InternalEndConnect(IAsyncResult asyncResult)
   在 System.Net.Sockets.Socket.EndConnect(IAsyncResult asyncResult)
   在 System.Net.Sockets.TcpClient.EndConnect(IAsyncResult asyncResult)
   在 OCRSerialPort.BiuTCPClientPort.ConnectCallback(IAsyncResult result) 位置 C:\Users\Administrator\Documents\Visual Studio 2015\Projects\SerialPort\SerialPort\串口通讯数据类\BiuTCPClientPort.cs:行号 136


时间：2019-08-20 20:50:57
进程：OCRSerialPort.vshost.exe
模块：BiuTCPClientPort   方法：ConnectCallback   行数：146
标题：
附加信息：
System.Net.Sockets.SocketException (0x80004005): 由于目标计算机积极拒绝，无法连接。 192.168.1.105:8080
   在 System.Net.Sockets.Socket.InternalEndConnect(IAsyncResult asyncResult)
   在 System.Net.Sockets.Socket.EndConnect(IAsyncResult asyncResult)
   在 System.Net.Sockets.TcpClient.EndConnect(IAsyncResult asyncResult)
   在 OCRSerialPort.BiuTCPClientPort.ConnectCallback(IAsyncResult result) 位置 C:\Users\Administrator\Documents\Visual Studio 2015\Projects\SerialPort\SerialPort\串口通讯数据类\BiuTCPClientPort.cs:行号 136


时间：2019-08-20 20:51:26
进程：OCRSerialPort.vshost.exe
模块：BiuTCPClientPort   方法：ReadCallback   行数：183
标题：
附加信息：
System.ObjectDisposedException: 无法访问已释放的对象。
对象名:“System.Net.Sockets.TcpClient”。
   在 System.Net.Sockets.TcpClient.GetStream()
   在 OCRSerialPort.BiuTCPClientPort.ReadCallback(IAsyncResult result) 位置 C:\Users\Administrator\Documents\Visual Studio 2015\Projects\SerialPort\SerialPort\串口通讯数据类\BiuTCPClientPort.cs:行号 161


时间：2019-08-20 20:51:46
进程：OCRSerialPort.vshost.exe
模块：BiuTCPClientPort   方法：ReadCallback   行数：183
标题：
附加信息：
System.InvalidOperationException: 不允许对非连接的套接字执行此操作。
   在 System.Net.Sockets.TcpClient.GetStream()
   在 OCRSerialPort.BiuTCPClientPort.ReadCallback(IAsyncResult result) 位置 C:\Users\Administrator\Documents\Visual Studio 2015\Projects\SerialPort\SerialPort\串口通讯数据类\BiuTCPClientPort.cs:行号 161


时间：2019-08-20 20:52:06
进程：OCRSerialPort.vshost.exe
模块：BiuTCPClientPort   方法：ReadCallback   行数：183
标题：
附加信息：
System.ObjectDisposedException: 无法访问已释放的对象。
对象名:“System.Net.Sockets.TcpClient”。
   在 System.Net.Sockets.TcpClient.GetStream()
   在 OCRSerialPort.BiuTCPClientPort.ReadCallback(IAsyncResult result) 位置 C:\Users\Administrator\Documents\Visual Studio 2015\Projects\SerialPort\SerialPort\串口通讯数据类\BiuTCPClientPort.cs:行号 161


时间：2019-08-20 20:52:26
进程：OCRSerialPort.vshost.exe
模块：BiuTCPClientPort   方法：ReadCallback   行数：183
标题：
附加信息：
System.InvalidOperationException: 不允许对非连接的套接字执行此操作。
   在 System.Net.Sockets.TcpClient.GetStream()
   在 OCRSerialPort.BiuTCPClientPort.ReadCallback(IAsyncResult result) 位置 C:\Users\Administrator\Documents\Visual Studio 2015\Projects\SerialPort\SerialPort\串口通讯数据类\BiuTCPClientPort.cs:行号 161


时间：2019-08-20 20:52:46
进程：OCRSerialPort.vshost.exe
模块：BiuTCPClientPort   方法：ReadCallback   行数：183
标题：
附加信息：
System.ObjectDisposedException: 无法访问已释放的对象。
对象名:“System.Net.Sockets.TcpClient”。
   在 System.Net.Sockets.TcpClient.GetStream()
   在 OCRSerialPort.BiuTCPClientPort.ReadCallback(IAsyncResult result) 位置 C:\Users\Administrator\Documents\Visual Studio 2015\Projects\SerialPort\SerialPort\串口通讯数据类\BiuTCPClientPort.cs:行号 161


时间：2019-08-20 20:53:06
进程：OCRSerialPort.vshost.exe
模块：BiuTCPClientPort   方法：ReadCallback   行数：183
标题：
附加信息：
System.InvalidOperationException: 不允许对非连接的套接字执行此操作。
   在 System.Net.Sockets.TcpClient.GetStream()
   在 OCRSerialPort.BiuTCPClientPort.ReadCallback(IAsyncResult result) 位置 C:\Users\Administrator\Documents\Visual Studio 2015\Projects\SerialPort\SerialPort\串口通讯数据类\BiuTCPClientPort.cs:行号 161


时间：2019-08-20 20:53:26
进程：OCRSerialPort.vshost.exe
模块：BiuTCPClientPort   方法：ReadCallback   行数：183
标题：
附加信息：
System.ObjectDisposedException: 无法访问已释放的对象。
对象名:“System.Net.Sockets.TcpClient”。
   在 System.Net.Sockets.TcpClient.GetStream()
   在 OCRSerialPort.BiuTCPClientPort.ReadCallback(IAsyncResult result) 位置 C:\Users\Administrator\Documents\Visual Studio 2015\Projects\SerialPort\SerialPort\串口通讯数据类\BiuTCPClientPort.cs:行号 161


时间：2019-08-20 20:53:46
进程：OCRSerialPort.vshost.exe
模块：BiuTCPClientPort   方法：ReadCallback   行数：183
标题：
附加信息：
System.InvalidOperationException: 不允许对非连接的套接字执行此操作。
   在 System.Net.Sockets.TcpClient.GetStream()
   在 OCRSerialPort.BiuTCPClientPort.ReadCallback(IAsyncResult result) 位置 C:\Users\Administrator\Documents\Visual Studio 2015\Projects\SerialPort\SerialPort\串口通讯数据类\BiuTCPClientPort.cs:行号 161


时间：2019-08-20 20:54:06
进程：OCRSerialPort.vshost.exe
模块：BiuTCPClientPort   方法：ReadCallback   行数：183
标题：
附加信息：
System.ObjectDisposedException: 无法访问已释放的对象。
对象名:“System.Net.Sockets.TcpClient”。
   在 System.Net.Sockets.TcpClient.GetStream()
   在 OCRSerialPort.BiuTCPClientPort.ReadCallback(IAsyncResult result) 位置 C:\Users\Administrator\Documents\Visual Studio 2015\Projects\SerialPort\SerialPort\串口通讯数据类\BiuTCPClientPort.cs:行号 161


时间：2019-08-20 20:55:48
进程：OCRSerialPort.vshost.exe
模块：BiuTCPClientPort   方法：ReadCallback   行数：183
标题：
附加信息：
System.ObjectDisposedException: 无法访问已释放的对象。
对象名:“System.Net.Sockets.TcpClient”。
   在 System.Net.Sockets.TcpClient.GetStream()
   在 OCRSerialPort.BiuTCPClientPort.ReadCallback(IAsyncResult result) 位置 C:\Users\Administrator\Documents\Visual Studio 2015\Projects\SerialPort\SerialPort\串口通讯数据类\BiuTCPClientPort.cs:行号 161


时间：2019-08-20 20:56:08
进程：OCRSerialPort.vshost.exe
模块：BiuTCPClientPort   方法：ReadCallback   行数：183
标题：
附加信息：
System.ObjectDisposedException: 无法访问已释放的对象。
对象名:“System.Net.Sockets.TcpClient”。
   在 System.Net.Sockets.TcpClient.GetStream()
   在 OCRSerialPort.BiuTCPClientPort.ReadCallback(IAsyncResult result) 位置 C:\Users\Administrator\Documents\Visual Studio 2015\Projects\SerialPort\SerialPort\串口通讯数据类\BiuTCPClientPort.cs:行号 161


时间：2019-08-20 20:56:28
进程：OCRSerialPort.vshost.exe
模块：BiuTCPClientPort   方法：ReadCallback   行数：183
标题：
附加信息：
System.ObjectDisposedException: 无法访问已释放的对象。
对象名:“System.Net.Sockets.TcpClient”。
   在 System.Net.Sockets.TcpClient.GetStream()
   在 OCRSerialPort.BiuTCPClientPort.ReadCallback(IAsyncResult result) 位置 C:\Users\Administrator\Documents\Visual Studio 2015\Projects\SerialPort\SerialPort\串口通讯数据类\BiuTCPClientPort.cs:行号 161


时间：2019-08-20 20:56:48
进程：OCRSerialPort.vshost.exe
模块：BiuTCPClientPort   方法：ReadCallback   行数：183
标题：
附加信息：
System.InvalidOperationException: 不允许对非连接的套接字执行此操作。
   在 System.Net.Sockets.TcpClient.GetStream()
   在 OCRSerialPort.BiuTCPClientPort.ReadCallback(IAsyncResult result) 位置 C:\Users\Administrator\Documents\Visual Studio 2015\Projects\SerialPort\SerialPort\串口通讯数据类\BiuTCPClientPort.cs:行号 161


时间：2019-08-20 20:57:08
进程：OCRSerialPort.vshost.exe
模块：BiuTCPClientPort   方法：ReadCallback   行数：183
标题：
附加信息：
System.InvalidOperationException: 不允许对非连接的套接字执行此操作。
   在 System.Net.Sockets.TcpClient.GetStream()
   在 OCRSerialPort.BiuTCPClientPort.ReadCallback(IAsyncResult result) 位置 C:\Users\Administrator\Documents\Visual Studio 2015\Projects\SerialPort\SerialPort\串口通讯数据类\BiuTCPClientPort.cs:行号 161


时间：2019-08-20 20:57:19
进程：OCRSerialPort.vshost.exe
模块：BiuTCPClientPort   方法：ConnectCallback   行数：146
标题：
附加信息：
System.Net.Sockets.SocketException (0x80004005): 由于目标计算机积极拒绝，无法连接。 192.168.1.105:8080
   在 System.Net.Sockets.Socket.InternalEndConnect(IAsyncResult asyncResult)
   在 System.Net.Sockets.Socket.EndConnect(IAsyncResult asyncResult)
   在 System.Net.Sockets.TcpClient.EndConnect(IAsyncResult asyncResult)
   在 OCRSerialPort.BiuTCPClientPort.ConnectCallback(IAsyncResult result) 位置 C:\Users\Administrator\Documents\Visual Studio 2015\Projects\SerialPort\SerialPort\串口通讯数据类\BiuTCPClientPort.cs:行号 136


时间：2019-08-20 20:57:30
进程：OCRSerialPort.vshost.exe
模块：BiuTCPClientPort   方法：ConnectCallback   行数：146
标题：
附加信息：
System.Net.Sockets.SocketException (0x80004005): 由于目标计算机积极拒绝，无法连接。 192.168.1.105:8080
   在 System.Net.Sockets.Socket.InternalEndConnect(IAsyncResult asyncResult)
   在 System.Net.Sockets.Socket.EndConnect(IAsyncResult asyncResult)
   在 System.Net.Sockets.TcpClient.EndConnect(IAsyncResult asyncResult)
   在 OCRSerialPort.BiuTCPClientPort.ConnectCallback(IAsyncResult result) 位置 C:\Users\Administrator\Documents\Visual Studio 2015\Projects\SerialPort\SerialPort\串口通讯数据类\BiuTCPClientPort.cs:行号 136


时间：2019-08-20 20:57:41
进程：OCRSerialPort.vshost.exe
模块：BiuTCPClientPort   方法：ConnectCallback   行数：146
标题：
附加信息：
System.Net.Sockets.SocketException (0x80004005): 由于目标计算机积极拒绝，无法连接。 192.168.1.105:8080
   在 System.Net.Sockets.Socket.InternalEndConnect(IAsyncResult asyncResult)
   在 System.Net.Sockets.Socket.EndConnect(IAsyncResult asyncResult)
   在 System.Net.Sockets.TcpClient.EndConnect(IAsyncResult asyncResult)
   在 OCRSerialPort.BiuTCPClientPort.ConnectCallback(IAsyncResult result) 位置 C:\Users\Administrator\Documents\Visual Studio 2015\Projects\SerialPort\SerialPort\串口通讯数据类\BiuTCPClientPort.cs:行号 136


时间：2019-08-20 20:57:52
进程：OCRSerialPort.vshost.exe
模块：BiuTCPClientPort   方法：ConnectCallback   行数：146
标题：
附加信息：
System.Net.Sockets.SocketException (0x80004005): 由于目标计算机积极拒绝，无法连接。 192.168.1.105:8080
   在 System.Net.Sockets.Socket.InternalEndConnect(IAsyncResult asyncResult)
   在 System.Net.Sockets.Socket.EndConnect(IAsyncResult asyncResult)
   在 System.Net.Sockets.TcpClient.EndConnect(IAsyncResult asyncResult)
   在 OCRSerialPort.BiuTCPClientPort.ConnectCallback(IAsyncResult result) 位置 C:\Users\Administrator\Documents\Visual Studio 2015\Projects\SerialPort\SerialPort\串口通讯数据类\BiuTCPClientPort.cs:行号 136


时间：2019-08-20 20:58:03
进程：OCRSerialPort.vshost.exe
模块：BiuTCPClientPort   方法：ConnectCallback   行数：146
标题：
附加信息：
System.Net.Sockets.SocketException (0x80004005): 由于目标计算机积极拒绝，无法连接。 192.168.1.105:8080
   在 System.Net.Sockets.Socket.InternalEndConnect(IAsyncResult asyncResult)
   在 System.Net.Sockets.Socket.EndConnect(IAsyncResult asyncResult)
   在 System.Net.Sockets.TcpClient.EndConnect(IAsyncResult asyncResult)
   在 OCRSerialPort.BiuTCPClientPort.ConnectCallback(IAsyncResult result) 位置 C:\Users\Administrator\Documents\Visual Studio 2015\Projects\SerialPort\SerialPort\串口通讯数据类\BiuTCPClientPort.cs:行号 136


时间：2019-08-20 20:58:14
进程：OCRSerialPort.vshost.exe
模块：BiuTCPClientPort   方法：ConnectCallback   行数：146
标题：
附加信息：
System.Net.Sockets.SocketException (0x80004005): 由于目标计算机积极拒绝，无法连接。 192.168.1.105:8080
   在 System.Net.Sockets.Socket.InternalEndConnect(IAsyncResult asyncResult)
   在 System.Net.Sockets.Socket.EndConnect(IAsyncResult asyncResult)
   在 System.Net.Sockets.TcpClient.EndConnect(IAsyncResult asyncResult)
   在 OCRSerialPort.BiuTCPClientPort.ConnectCallback(IAsyncResult result) 位置 C:\Users\Administrator\Documents\Visual Studio 2015\Projects\SerialPort\SerialPort\串口通讯数据类\BiuTCPClientPort.cs:行号 136


时间：2019-08-20 20:58:25
进程：OCRSerialPort.vshost.exe
模块：BiuTCPClientPort   方法：ConnectCallback   行数：146
标题：
附加信息：
System.Net.Sockets.SocketException (0x80004005): 由于目标计算机积极拒绝，无法连接。 192.168.1.105:8080
   在 System.Net.Sockets.Socket.InternalEndConnect(IAsyncResult asyncResult)
   在 System.Net.Sockets.Socket.EndConnect(IAsyncResult asyncResult)
   在 System.Net.Sockets.TcpClient.EndConnect(IAsyncResult asyncResult)
   在 OCRSerialPort.BiuTCPClientPort.ConnectCallback(IAsyncResult result) 位置 C:\Users\Administrator\Documents\Visual Studio 2015\Projects\SerialPort\SerialPort\串口通讯数据类\BiuTCPClientPort.cs:行号 136


时间：2019-08-20 20:58:36
进程：OCRSerialPort.vshost.exe
模块：BiuTCPClientPort   方法：ConnectCallback   行数：146
标题：
附加信息：
System.Net.Sockets.SocketException (0x80004005): 由于目标计算机积极拒绝，无法连接。 192.168.1.105:8080
   在 System.Net.Sockets.Socket.InternalEndConnect(IAsyncResult asyncResult)
   在 System.Net.Sockets.Socket.EndConnect(IAsyncResult asyncResult)
   在 System.Net.Sockets.TcpClient.EndConnect(IAsyncResult asyncResult)
   在 OCRSerialPort.BiuTCPClientPort.ConnectCallback(IAsyncResult result) 位置 C:\Users\Administrator\Documents\Visual Studio 2015\Projects\SerialPort\SerialPort\串口通讯数据类\BiuTCPClientPort.cs:行号 136


时间：2019-08-20 20:58:48
进程：OCRSerialPort.vshost.exe
模块：BiuTCPClientPort   方法：ConnectCallback   行数：146
标题：
附加信息：
System.Net.Sockets.SocketException (0x80004005): 由于目标计算机积极拒绝，无法连接。 192.168.1.105:8080
   在 System.Net.Sockets.Socket.InternalEndConnect(IAsyncResult asyncResult)
   在 System.Net.Sockets.Socket.EndConnect(IAsyncResult asyncResult)
   在 System.Net.Sockets.TcpClient.EndConnect(IAsyncResult asyncResult)
   在 OCRSerialPort.BiuTCPClientPort.ConnectCallback(IAsyncResult result) 位置 C:\Users\Administrator\Documents\Visual Studio 2015\Projects\SerialPort\SerialPort\串口通讯数据类\BiuTCPClientPort.cs:行号 136


时间：2019-08-20 20:58:59
进程：OCRSerialPort.vshost.exe
模块：BiuTCPClientPort   方法：ConnectCallback   行数：146
标题：
附加信息：
System.Net.Sockets.SocketException (0x80004005): 由于目标计算机积极拒绝，无法连接。 192.168.1.105:8080
   在 System.Net.Sockets.Socket.InternalEndConnect(IAsyncResult asyncResult)
   在 System.Net.Sockets.Socket.EndConnect(IAsyncResult asyncResult)
   在 System.Net.Sockets.TcpClient.EndConnect(IAsyncResult asyncResult)
   在 OCRSerialPort.BiuTCPClientPort.ConnectCallback(IAsyncResult result) 位置 C:\Users\Administrator\Documents\Visual Studio 2015\Projects\SerialPort\SerialPort\串口通讯数据类\BiuTCPClientPort.cs:行号 136


时间：2019-08-20 20:59:10
进程：OCRSerialPort.vshost.exe
模块：BiuTCPClientPort   方法：ConnectCallback   行数：146
标题：
附加信息：
System.Net.Sockets.SocketException (0x80004005): 由于目标计算机积极拒绝，无法连接。 192.168.1.105:8080
   在 System.Net.Sockets.Socket.InternalEndConnect(IAsyncResult asyncResult)
   在 System.Net.Sockets.Socket.EndConnect(IAsyncResult asyncResult)
   在 System.Net.Sockets.TcpClient.EndConnect(IAsyncResult asyncResult)
   在 OCRSerialPort.BiuTCPClientPort.ConnectCallback(IAsyncResult result) 位置 C:\Users\Administrator\Documents\Visual Studio 2015\Projects\SerialPort\SerialPort\串口通讯数据类\BiuTCPClientPort.cs:行号 136


时间：2019-08-20 20:59:21
进程：OCRSerialPort.vshost.exe
模块：BiuTCPClientPort   方法：ConnectCallback   行数：146
标题：
附加信息：
System.Net.Sockets.SocketException (0x80004005): 由于目标计算机积极拒绝，无法连接。 192.168.1.105:8080
   在 System.Net.Sockets.Socket.InternalEndConnect(IAsyncResult asyncResult)
   在 System.Net.Sockets.Socket.EndConnect(IAsyncResult asyncResult)
   在 System.Net.Sockets.TcpClient.EndConnect(IAsyncResult asyncResult)
   在 OCRSerialPort.BiuTCPClientPort.ConnectCallback(IAsyncResult result) 位置 C:\Users\Administrator\Documents\Visual Studio 2015\Projects\SerialPort\SerialPort\串口通讯数据类\BiuTCPClientPort.cs:行号 136


时间：2019-08-20 20:59:32
进程：OCRSerialPort.vshost.exe
模块：BiuTCPClientPort   方法：ConnectCallback   行数：146
标题：
附加信息：
System.Net.Sockets.SocketException (0x80004005): 由于目标计算机积极拒绝，无法连接。 192.168.1.105:8080
   在 System.Net.Sockets.Socket.InternalEndConnect(IAsyncResult asyncResult)
   在 System.Net.Sockets.Socket.EndConnect(IAsyncResult asyncResult)
   在 System.Net.Sockets.TcpClient.EndConnect(IAsyncResult asyncResult)
   在 OCRSerialPort.BiuTCPClientPort.ConnectCallback(IAsyncResult result) 位置 C:\Users\Administrator\Documents\Visual Studio 2015\Projects\SerialPort\SerialPort\串口通讯数据类\BiuTCPClientPort.cs:行号 136


时间：2019-08-20 20:59:43
进程：OCRSerialPort.vshost.exe
模块：BiuTCPClientPort   方法：ConnectCallback   行数：146
标题：
附加信息：
System.Net.Sockets.SocketException (0x80004005): 由于目标计算机积极拒绝，无法连接。 192.168.1.105:8080
   在 System.Net.Sockets.Socket.InternalEndConnect(IAsyncResult asyncResult)
   在 System.Net.Sockets.Socket.EndConnect(IAsyncResult asyncResult)
   在 System.Net.Sockets.TcpClient.EndConnect(IAsyncResult asyncResult)
   在 OCRSerialPort.BiuTCPClientPort.ConnectCallback(IAsyncResult result) 位置 C:\Users\Administrator\Documents\Visual Studio 2015\Projects\SerialPort\SerialPort\串口通讯数据类\BiuTCPClientPort.cs:行号 136


时间：2019-08-20 20:59:54
进程：OCRSerialPort.vshost.exe
模块：BiuTCPClientPort   方法：ConnectCallback   行数：146
标题：
附加信息：
System.Net.Sockets.SocketException (0x80004005): 由于目标计算机积极拒绝，无法连接。 192.168.1.105:8080
   在 System.Net.Sockets.Socket.InternalEndConnect(IAsyncResult asyncResult)
   在 System.Net.Sockets.Socket.EndConnect(IAsyncResult asyncResult)
   在 System.Net.Sockets.TcpClient.EndConnect(IAsyncResult asyncResult)
   在 OCRSerialPort.BiuTCPClientPort.ConnectCallback(IAsyncResult result) 位置 C:\Users\Administrator\Documents\Visual Studio 2015\Projects\SerialPort\SerialPort\串口通讯数据类\BiuTCPClientPort.cs:行号 136


时间：2019-08-20 21:00:05
进程：OCRSerialPort.vshost.exe
模块：BiuTCPClientPort   方法：ConnectCallback   行数：146
标题：
附加信息：
System.Net.Sockets.SocketException (0x80004005): 由于目标计算机积极拒绝，无法连接。 192.168.1.105:8080
   在 System.Net.Sockets.Socket.InternalEndConnect(IAsyncResult asyncResult)
   在 System.Net.Sockets.Socket.EndConnect(IAsyncResult asyncResult)
   在 System.Net.Sockets.TcpClient.EndConnect(IAsyncResult asyncResult)
   在 OCRSerialPort.BiuTCPClientPort.ConnectCallback(IAsyncResult result) 位置 C:\Users\Administrator\Documents\Visual Studio 2015\Projects\SerialPort\SerialPort\串口通讯数据类\BiuTCPClientPort.cs:行号 136


时间：2019-08-20 21:00:16
进程：OCRSerialPort.vshost.exe
模块：BiuTCPClientPort   方法：ConnectCallback   行数：146
标题：
附加信息：
System.Net.Sockets.SocketException (0x80004005): 由于目标计算机积极拒绝，无法连接。 192.168.1.105:8080
   在 System.Net.Sockets.Socket.InternalEndConnect(IAsyncResult asyncResult)
   在 System.Net.Sockets.Socket.EndConnect(IAsyncResult asyncResult)
   在 System.Net.Sockets.TcpClient.EndConnect(IAsyncResult asyncResult)
   在 OCRSerialPort.BiuTCPClientPort.ConnectCallback(IAsyncResult result) 位置 C:\Users\Administrator\Documents\Visual Studio 2015\Projects\SerialPort\SerialPort\串口通讯数据类\BiuTCPClientPort.cs:行号 136


时间：2019-08-20 21:00:38
进程：OCRSerialPort.vshost.exe
模块：BiuTCPClientPort   方法：ReadCallback   行数：183
标题：
附加信息：
System.InvalidOperationException: 不允许对非连接的套接字执行此操作。
   在 System.Net.Sockets.TcpClient.GetStream()
   在 OCRSerialPort.BiuTCPClientPort.ReadCallback(IAsyncResult result) 位置 C:\Users\Administrator\Documents\Visual Studio 2015\Projects\SerialPort\SerialPort\串口通讯数据类\BiuTCPClientPort.cs:行号 161


时间：2019-08-20 21:00:59
进程：OCRSerialPort.vshost.exe
模块：BiuTCPClientPort   方法：ReadCallback   行数：183
标题：
附加信息：
System.ObjectDisposedException: 无法访问已释放的对象。
对象名:“System.Net.Sockets.TcpClient”。
   在 System.Net.Sockets.TcpClient.GetStream()
   在 OCRSerialPort.BiuTCPClientPort.ReadCallback(IAsyncResult result) 位置 C:\Users\Administrator\Documents\Visual Studio 2015\Projects\SerialPort\SerialPort\串口通讯数据类\BiuTCPClientPort.cs:行号 161


时间：2019-08-20 21:01:19
进程：OCRSerialPort.vshost.exe
模块：BiuTCPClientPort   方法：ReadCallback   行数：183
标题：
附加信息：
System.InvalidOperationException: 不允许对非连接的套接字执行此操作。
   在 System.Net.Sockets.TcpClient.GetStream()
   在 OCRSerialPort.BiuTCPClientPort.ReadCallback(IAsyncResult result) 位置 C:\Users\Administrator\Documents\Visual Studio 2015\Projects\SerialPort\SerialPort\串口通讯数据类\BiuTCPClientPort.cs:行号 161


时间：2019-08-20 21:01:39
进程：OCRSerialPort.vshost.exe
模块：BiuTCPClientPort   方法：ReadCallback   行数：183
标题：
附加信息：
System.ObjectDisposedException: 无法访问已释放的对象。
对象名:“System.Net.Sockets.TcpClient”。
   在 System.Net.Sockets.TcpClient.GetStream()
   在 OCRSerialPort.BiuTCPClientPort.ReadCallback(IAsyncResult result) 位置 C:\Users\Administrator\Documents\Visual Studio 2015\Projects\SerialPort\SerialPort\串口通讯数据类\BiuTCPClientPort.cs:行号 161


时间：2019-08-20 21:02:04
进程：OCRSerialPort.vshost.exe
模块：BiuTCPClientPort   方法：ReadCallback   行数：183
标题：
附加信息：
System.ObjectDisposedException: 无法访问已释放的对象。
对象名:“System.Net.Sockets.TcpClient”。
   在 System.Net.Sockets.TcpClient.GetStream()
   在 OCRSerialPort.BiuTCPClientPort.ReadCallback(IAsyncResult result) 位置 C:\Users\Administrator\Documents\Visual Studio 2015\Projects\SerialPort\SerialPort\串口通讯数据类\BiuTCPClientPort.cs:行号 161

